Program {
    strict: false,
    functions: [
        FunctionDeclaration {
            name: "__ayy_class_ctor___ayy_ctor_1__name_C",
            top_level_binding: None,
            params: [],
            body: [
                If {
                    condition: Binary {
                        op: Equal,
                        left: NewTarget,
                        right: Undefined,
                    },
                    then_branch: [
                        Throw(
                            New {
                                callee: Identifier(
                                    "TypeError",
                                ),
                                arguments: [],
                            },
                        ),
                    ],
                    else_branch: [],
                },
            ],
            register_global: false,
            kind: Ordinary,
            self_binding: Some(
                "C",
            ),
            mapped_arguments: false,
            strict: true,
            lexical_this: false,
            derived_constructor: false,
            direct_eval_in_class_field_initializer: false,
            length: 0,
            synthetic_capture_bindings: [],
            private_brand_binding: None,
        },
        FunctionDeclaration {
            name: "__ayy_class_method_1",
            top_level_binding: None,
            params: [],
            body: [
                Return(
                    Number(
                        42.0,
                    ),
                ),
            ],
            register_global: false,
            kind: AsyncGenerator,
            self_binding: None,
            mapped_arguments: false,
            strict: true,
            lexical_this: false,
            derived_constructor: false,
            direct_eval_in_class_field_initializer: false,
            length: 0,
            synthetic_capture_bindings: [],
            private_brand_binding: None,
        },
        FunctionDeclaration {
            name: "__ayy_class_method_2",
            top_level_binding: None,
            params: [
                Parameter {
                    name: "value",
                    default: None,
                    rest: false,
                },
            ],
            body: [
                AssignMember {
                    object: Identifier(
                        "C",
                    ),
                    property: String(
                        "__ayy$private$C$$",
                    ),
                    value: Identifier(
                        "value",
                    ),
                },
                Return(
                    Member {
                        object: Identifier(
                            "C",
                        ),
                        property: String(
                            "__ayy$private$C$$",
                        ),
                    },
                ),
            ],
            register_global: false,
            kind: Ordinary,
            self_binding: None,
            mapped_arguments: false,
            strict: true,
            lexical_this: false,
            derived_constructor: false,
            direct_eval_in_class_field_initializer: false,
            length: 1,
            synthetic_capture_bindings: [],
            private_brand_binding: None,
        },
        FunctionDeclaration {
            name: "__ayy_class_method_3",
            top_level_binding: None,
            params: [
                Parameter {
                    name: "value",
                    default: None,
                    rest: false,
                },
            ],
            body: [
                AssignMember {
                    object: Identifier(
                        "C",
                    ),
                    property: String(
                        "__ayy$private$C$_",
                    ),
                    value: Identifier(
                        "value",
                    ),
                },
                Return(
                    Member {
                        object: Identifier(
                            "C",
                        ),
                        property: String(
                            "__ayy$private$C$_",
                        ),
                    },
                ),
            ],
            register_global: false,
            kind: Ordinary,
            self_binding: None,
            mapped_arguments: false,
            strict: true,
            lexical_this: false,
            derived_constructor: false,
            direct_eval_in_class_field_initializer: false,
            length: 1,
            synthetic_capture_bindings: [],
            private_brand_binding: None,
        },
        FunctionDeclaration {
            name: "__ayy_fnstmt_assertions_5",
            top_level_binding: None,
            params: [],
            body: [
                If {
                    condition: Binary {
                        op: NotEqual,
                        left: Call {
                            callee: Member {
                                object: Identifier(
                                    "C",
                                ),
                                property: String(
                                    "$",
                                ),
                            },
                            arguments: [
                                Expression(
                                    Number(
                                        1.0,
                                    ),
                                ),
                            ],
                        },
                        right: Number(
                            1.0,
                        ),
                    },
                    then_branch: [
                        Throw(
                            New {
                                callee: Identifier(
                                    "Error",
                                ),
                                arguments: [
                                    Expression(
                                        String(
                                            "dollar",
                                        ),
                                    ),
                                ],
                            },
                        ),
                    ],
                    else_branch: [],
                },
                If {
                    condition: Binary {
                        op: NotEqual,
                        left: Call {
                            callee: Member {
                                object: Identifier(
                                    "C",
                                ),
                                property: String(
                                    "_",
                                ),
                            },
                            arguments: [
                                Expression(
                                    Number(
                                        1.0,
                                    ),
                                ),
                            ],
                        },
                        right: Number(
                            1.0,
                        ),
                    },
                    then_branch: [
                        Throw(
                            New {
                                callee: Identifier(
                                    "Error",
                                ),
                                arguments: [
                                    Expression(
                                        String(
                                            "underscore",
                                        ),
                                    ),
                                ],
                            },
                        ),
                    ],
                    else_branch: [],
                },
            ],
            register_global: false,
            kind: Ordinary,
            self_binding: None,
            mapped_arguments: true,
            strict: false,
            lexical_this: false,
            derived_constructor: false,
            direct_eval_in_class_field_initializer: false,
            length: 0,
            synthetic_capture_bindings: [],
            private_brand_binding: None,
        },
        FunctionDeclaration {
            name: "__ayy_fnexpr_4",
            top_level_binding: None,
            params: [
                Parameter {
                    name: "v",
                    default: None,
                    rest: false,
                },
            ],
            body: [
                If {
                    condition: Binary {
                        op: NotEqual,
                        left: Member {
                            object: Identifier(
                                "v",
                            ),
                            property: String(
                                "value",
                            ),
                        },
                        right: Number(
                            42.0,
                        ),
                    },
                    then_branch: [
                        Throw(
                            New {
                                callee: Identifier(
                                    "Error",
                                ),
                                arguments: [
                                    Expression(
                                        String(
                                            "value",
                                        ),
                                    ),
                                ],
                            },
                        ),
                    ],
                    else_branch: [],
                },
                If {
                    condition: Binary {
                        op: NotEqual,
                        left: Member {
                            object: Identifier(
                                "v",
                            ),
                            property: String(
                                "done",
                            ),
                        },
                        right: Bool(
                            true,
                        ),
                    },
                    then_branch: [
                        Throw(
                            New {
                                callee: Identifier(
                                    "Error",
                                ),
                                arguments: [
                                    Expression(
                                        String(
                                            "done",
                                        ),
                                    ),
                                ],
                            },
                        ),
                    ],
                    else_branch: [],
                },
                Let {
                    name: "__ayy_scope$assertions$2",
                    mutable: true,
                    value: Identifier(
                        "__ayy_fnstmt_assertions_5",
                    ),
                },
                Return(
                    Call {
                        callee: Member {
                            object: Identifier(
                                "Promise",
                            ),
                            property: String(
                                "resolve",
                            ),
                        },
                        arguments: [
                            Expression(
                                Call {
                                    callee: Identifier(
                                        "__ayy_scope$assertions$2",
                                    ),
                                    arguments: [],
                                },
                            ),
                        ],
                    },
                ),
            ],
            register_global: false,
            kind: Ordinary,
            self_binding: None,
            mapped_arguments: true,
            strict: false,
            lexical_this: false,
            derived_constructor: false,
            direct_eval_in_class_field_initializer: false,
            length: 1,
            synthetic_capture_bindings: [],
            private_brand_binding: None,
        },
        FunctionDeclaration {
            name: "__ayy_fnexpr_6",
            top_level_binding: None,
            params: [],
            body: [],
            register_global: false,
            kind: Ordinary,
            self_binding: None,
            mapped_arguments: true,
            strict: false,
            lexical_this: false,
            derived_constructor: false,
            direct_eval_in_class_field_initializer: false,
            length: 0,
            synthetic_capture_bindings: [],
            private_brand_binding: None,
        },
        FunctionDeclaration {
            name: "__ayy_fnexpr_7",
            top_level_binding: None,
            params: [
                Parameter {
                    name: "error",
                    default: None,
                    rest: false,
                },
            ],
            body: [
                Throw(
                    Identifier(
                        "error",
                    ),
                ),
            ],
            register_global: false,
            kind: Ordinary,
            self_binding: None,
            mapped_arguments: true,
            strict: false,
            lexical_this: false,
            derived_constructor: false,
            direct_eval_in_class_field_initializer: false,
            length: 1,
            synthetic_capture_bindings: [],
            private_brand_binding: None,
        },
    ],
    statements: [
        Declaration {
            body: [
                Let {
                    name: "C",
                    mutable: true,
                    value: Identifier(
                        "__ayy_class_ctor___ayy_ctor_1__name_C",
                    ),
                },
                Expression(
                    Call {
                        callee: Member {
                            object: Identifier(
                                "Object",
                            ),
                            property: String(
                                "defineProperty",
                            ),
                        },
                        arguments: [
                            Expression(
                                Identifier(
                                    "C",
                                ),
                            ),
                            Expression(
                                String(
                                    "name",
                                ),
                            ),
                            Expression(
                                Object(
                                    [
                                        Data {
                                            key: String(
                                                "value",
                                            ),
                                            value: String(
                                                "C",
                                            ),
                                        },
                                        Data {
                                            key: String(
                                                "writable",
                                            ),
                                            value: Bool(
                                                false,
                                            ),
                                        },
                                        Data {
                                            key: String(
                                                "enumerable",
                                            ),
                                            value: Bool(
                                                false,
                                            ),
                                        },
                                        Data {
                                            key: String(
                                                "configurable",
                                            ),
                                            value: Bool(
                                                true,
                                            ),
                                        },
                                    ],
                                ),
                            ),
                        ],
                    },
                ),
                AssignMember {
                    object: Identifier(
                        "C",
                    ),
                    property: String(
                        "prototype",
                    ),
                    value: Call {
                        callee: Member {
                            object: Identifier(
                                "Object",
                            ),
                            property: String(
                                "create",
                            ),
                        },
                        arguments: [
                            Expression(
                                Member {
                                    object: Identifier(
                                        "Object",
                                    ),
                                    property: String(
                                        "prototype",
                                    ),
                                },
                            ),
                        ],
                    },
                },
                Expression(
                    Call {
                        callee: Member {
                            object: Identifier(
                                "Object",
                            ),
                            property: String(
                                "defineProperty",
                            ),
                        },
                        arguments: [
                            Expression(
                                Member {
                                    object: Identifier(
                                        "C",
                                    ),
                                    property: String(
                                        "prototype",
                                    ),
                                },
                            ),
                            Expression(
                                String(
                                    "constructor",
                                ),
                            ),
                            Expression(
                                Object(
                                    [
                                        Data {
                                            key: String(
                                                "value",
                                            ),
                                            value: Identifier(
                                                "C",
                                            ),
                                        },
                                        Data {
                                            key: String(
                                                "writable",
                                            ),
                                            value: Bool(
                                                true,
                                            ),
                                        },
                                        Data {
                                            key: String(
                                                "enumerable",
                                            ),
                                            value: Bool(
                                                false,
                                            ),
                                        },
                                        Data {
                                            key: String(
                                                "configurable",
                                            ),
                                            value: Bool(
                                                true,
                                            ),
                                        },
                                    ],
                                ),
                            ),
                        ],
                    },
                ),
                Expression(
                    Call {
                        callee: Member {
                            object: Identifier(
                                "Object",
                            ),
                            property: String(
                                "defineProperty",
                            ),
                        },
                        arguments: [
                            Expression(
                                Member {
                                    object: Identifier(
                                        "C",
                                    ),
                                    property: String(
                                        "prototype",
                                    ),
                                },
                            ),
                            Expression(
                                String(
                                    "m",
                                ),
                            ),
                            Expression(
                                Object(
                                    [
                                        Data {
                                            key: String(
                                                "value",
                                            ),
                                            value: Identifier(
                                                "__ayy_class_method_1",
                                            ),
                                        },
                                        Data {
                                            key: String(
                                                "writable",
                                            ),
                                            value: Bool(
                                                true,
                                            ),
                                        },
                                        Data {
                                            key: String(
                                                "enumerable",
                                            ),
                                            value: Bool(
                                                false,
                                            ),
                                        },
                                        Data {
                                            key: String(
                                                "configurable",
                                            ),
                                            value: Bool(
                                                true,
                                            ),
                                        },
                                    ],
                                ),
                            ),
                        ],
                    },
                ),
                Expression(
                    Call {
                        callee: Member {
                            object: Identifier(
                                "Object",
                            ),
                            property: String(
                                "defineProperty",
                            ),
                        },
                        arguments: [
                            Expression(
                                Identifier(
                                    "C",
                                ),
                            ),
                            Expression(
                                String(
                                    "$",
                                ),
                            ),
                            Expression(
                                Object(
                                    [
                                        Data {
                                            key: String(
                                                "value",
                                            ),
                                            value: Identifier(
                                                "__ayy_class_method_2",
                                            ),
                                        },
                                        Data {
                                            key: String(
                                                "writable",
                                            ),
                                            value: Bool(
                                                true,
                                            ),
                                        },
                                        Data {
                                            key: String(
                                                "enumerable",
                                            ),
                                            value: Bool(
                                                false,
                                            ),
                                        },
                                        Data {
                                            key: String(
                                                "configurable",
                                            ),
                                            value: Bool(
                                                true,
                                            ),
                                        },
                                    ],
                                ),
                            ),
                        ],
                    },
                ),
                Expression(
                    Call {
                        callee: Member {
                            object: Identifier(
                                "Object",
                            ),
                            property: String(
                                "defineProperty",
                            ),
                        },
                        arguments: [
                            Expression(
                                Identifier(
                                    "C",
                                ),
                            ),
                            Expression(
                                String(
                                    "_",
                                ),
                            ),
                            Expression(
                                Object(
                                    [
                                        Data {
                                            key: String(
                                                "value",
                                            ),
                                            value: Identifier(
                                                "__ayy_class_method_3",
                                            ),
                                        },
                                        Data {
                                            key: String(
                                                "writable",
                                            ),
                                            value: Bool(
                                                true,
                                            ),
                                        },
                                        Data {
                                            key: String(
                                                "enumerable",
                                            ),
                                            value: Bool(
                                                false,
                                            ),
                                        },
                                        Data {
                                            key: String(
                                                "configurable",
                                            ),
                                            value: Bool(
                                                true,
                                            ),
                                        },
                                    ],
                                ),
                            ),
                        ],
                    },
                ),
                Labeled {
                    labels: [
                        "__ayy_instance_field_initializers",
                    ],
                    body: [
                        AssignMember {
                            object: Identifier(
                                "C",
                            ),
                            property: String(
                                "__ayy$private$C$$",
                            ),
                            value: Undefined,
                        },
                        AssignMember {
                            object: Identifier(
                                "C",
                            ),
                            property: String(
                                "__ayy$private$C$_",
                            ),
                            value: Undefined,
                        },
                    ],
                },
            ],
        },
        Var {
            name: "c",
            value: New {
                callee: Identifier(
                    "C",
                ),
                arguments: [],
            },
        },
        Expression(
            Call {
                callee: Member {
                    object: Call {
                        callee: Member {
                            object: Call {
                                callee: Member {
                                    object: Call {
                                        callee: Member {
                                            object: Identifier(
                                                "c",
                                            ),
                                            property: String(
                                                "m",
                                            ),
                                        },
                                        arguments: [],
                                    },
                                    property: String(
                                        "next",
                                    ),
                                },
                                arguments: [],
                            },
                            property: String(
                                "then",
                            ),
                        },
                        arguments: [
                            Expression(
                                Identifier(
                                    "__ayy_fnexpr_4",
                                ),
                            ),
                        ],
                    },
                    property: String(
                        "then",
                    ),
                },
                arguments: [
                    Expression(
                        Identifier(
                            "__ayy_fnexpr_6",
                        ),
                    ),
                    Expression(
                        Identifier(
                            "__ayy_fnexpr_7",
                        ),
                    ),
                ],
            },
        ),
    ],
}
ok
