function_compile=register_statements
function_compile=initialize_arguments_object
function_compile=initialize_parameter_defaults
function_compile=emit_direct_scope
function_compile=statement:If { condition: Binary { op: Equal, left: NewTarget, right: Undefined }, then_branch: [Throw(New { callee: Identifier("TypeError"), arguments: [] })], else_branch: [] }
function_compile=statement:Throw(New { callee: Identifier("TypeError"), arguments: [] })
function_compile=statement_done:Throw(New { callee: Identifier("TypeError"), arguments: [] })
function_compile=statement_done:If { condition: Binary { op: Equal, left: NewTarget, right: Undefined }, then_branch: [Throw(New { callee: Identifier("TypeError"), arguments: [] })], else_branch: [] }
function_compile=finalize
function_compile=register_statements
function_compile=initialize_arguments_object
function_compile=initialize_parameter_defaults
function_compile=emit_direct_scope
function_compile=statement:Return(Number(42.0))
function_compile=statement_done:Return(Number(42.0))
function_compile=finalize
function_compile=register_statements
function_compile=initialize_arguments_object
function_compile=initialize_parameter_defaults
function_compile=emit_direct_scope
function_compile=statement:Return(Call { callee: Member { object: This, property: String("__ayy$private$C$f") }, arguments: [] })
emit_immediate_promise_member_call:start object=This property=String("__ayy$private$C$f") arguments=[]
emit_inline_user_function_summary_with_explicit_call_frame:start name=__ayy_class_method_1__name_#f
emit_inline_user_function_summary_with_explicit_call_frame:check-iterator-consumption name=__ayy_class_method_1__name_#f
emit_inline_user_function_summary_with_explicit_call_frame:check-iterator-consumption:result name=__ayy_class_method_1__name_#f consumed={}
emit_inline_user_function_summary_with_explicit_call_frame:prepared name=__ayy_class_method_1__name_#f
emit_inline_user_function_summary_with_explicit_call_frame:fast-path name=__ayy_class_method_1__name_#f
function_compile=statement_done:Return(Call { callee: Member { object: This, property: String("__ayy$private$C$f") }, arguments: [] })
function_compile=finalize
function_compile=register_statements
function_compile=initialize_arguments_object
function_compile=initialize_parameter_defaults
function_compile=emit_direct_scope
function_compile=statement:Expression(Call { callee: Member { object: New { callee: Identifier("C"), arguments: [] }, property: String("g") }, arguments: [] })
expression_statement:emit_numeric start expr=Call { callee: Member { object: New { callee: Identifier("C"), arguments: [] }, property: String("g") }, arguments: [] }
emit_immediate_promise_member_call:start object=New { callee: Identifier("C"), arguments: [] } property=String("g") arguments=[]
expression_statement:update_member_bindings start expr=Call { callee: Member { object: New { callee: Identifier("C"), arguments: [] }, property: String("g") }, arguments: [] }
expression_statement:update_object_bindings start expr=Call { callee: Member { object: New { callee: Identifier("C"), arguments: [] }, property: String("g") }, arguments: [] }
expression_statement:drop expr=Call { callee: Member { object: New { callee: Identifier("C"), arguments: [] }, property: String("g") }, arguments: [] }
function_compile=statement_done:Expression(Call { callee: Member { object: New { callee: Identifier("C"), arguments: [] }, property: String("g") }, arguments: [] })
function_compile=finalize
function_compile=register_statements
function_compile=initialize_arguments_object
function_compile=initialize_parameter_defaults
function_compile=emit_direct_scope
function_compile=statement:Declaration { body: [Let { name: "C", mutable: true, value: Identifier("__ayy_class_ctor___ayy_ctor_1__name_C") }, Expression(Call { callee: Member { object: Identifier("Object"), property: String("defineProperty") }, arguments: [Expression(Identifier("C")), Expression(String("name")), Expression(Object([Data { key: String("value"), value: String("C") }, Data { key: String("writable"), value: Bool(false) }, Data { key: String("enumerable"), value: Bool(false) }, Data { key: String("configurable"), value: Bool(true) }]))] }), AssignMember { object: Identifier("C"), property: String("prototype"), value: Call { callee: Member { object: Identifier("Object"), property: String("create") }, arguments: [Expression(Member { object: Identifier("Object"), property: String("prototype") })] } }, Expression(Call { callee: Member { object: Identifier("Object"), property: String("defineProperty") }, arguments: [Expression(Member { object: Identifier("C"), property: String("prototype") }), Expression(String("constructor")), Expression(Object([Data { key: String("value"), value: Identifier("C") }, Data { key: String("writable"), value: Bool(true) }, Data { key: String("enumerable"), value: Bool(false) }, Data { key: String("configurable"), value: Bool(true) }]))] }), Labeled { labels: ["__ayy_instance_field_initializers"], body: [Expression(Call { callee: Member { object: Identifier("Object"), property: String("defineProperty") }, arguments: [Expression(Identifier("C")), Expression(String("__ayy$private$C$f")), Expression(Object([Data { key: String("value"), value: Identifier("__ayy_class_method_1__name_#f") }, Data { key: String("writable"), value: Bool(true) }, Data { key: String("enumerable"), value: Bool(false) }, Data { key: String("configurable"), value: Bool(true) }]))] })] }, Expression(Call { callee: Member { object: Identifier("Object"), property: String("defineProperty") }, arguments: [Expression(Member { object: Identifier("C"), property: String("prototype") }), Expression(String("g")), Expression(Object([Data { key: String("value"), value: Identifier("__ayy_class_method_2") }, Data { key: String("writable"), value: Bool(true) }, Data { key: String("enumerable"), value: Bool(false) }, Data { key: String("configurable"), value: Bool(true) }]))] })] }
function_compile=statement:Let { name: "C", mutable: true, value: Identifier("__ayy_class_ctor___ayy_ctor_1__name_C") }
function_compile=statement_done:Let { name: "C", mutable: true, value: Identifier("__ayy_class_ctor___ayy_ctor_1__name_C") }
function_compile=statement:Expression(Call { callee: Member { object: Identifier("Object"), property: String("defineProperty") }, arguments: [Expression(Identifier("C")), Expression(String("name")), Expression(Object([Data { key: String("value"), value: String("C") }, Data { key: String("writable"), value: Bool(false) }, Data { key: String("enumerable"), value: Bool(false) }, Data { key: String("configurable"), value: Bool(true) }]))] })
expression_statement:emit_numeric start expr=Call { callee: Member { object: Identifier("Object"), property: String("defineProperty") }, arguments: [Expression(Identifier("C")), Expression(String("name")), Expression(Object([Data { key: String("value"), value: String("C") }, Data { key: String("writable"), value: Bool(false) }, Data { key: String("enumerable"), value: Bool(false) }, Data { key: String("configurable"), value: Bool(true) }]))] }
emit_immediate_promise_member_call:start object=Identifier("Object") property=String("defineProperty") arguments=[Expression(Identifier("C")), Expression(String("name")), Expression(Object([Data { key: String("value"), value: String("C") }, Data { key: String("writable"), value: Bool(false) }, Data { key: String("enumerable"), value: Bool(false) }, Data { key: String("configurable"), value: Bool(true) }]))]
expression_statement:update_member_bindings start expr=Call { callee: Member { object: Identifier("Object"), property: String("defineProperty") }, arguments: [Expression(Identifier("C")), Expression(String("name")), Expression(Object([Data { key: String("value"), value: String("C") }, Data { key: String("writable"), value: Bool(false) }, Data { key: String("enumerable"), value: Bool(false) }, Data { key: String("configurable"), value: Bool(true) }]))] }
expression_statement:update_object_bindings start expr=Call { callee: Member { object: Identifier("Object"), property: String("defineProperty") }, arguments: [Expression(Identifier("C")), Expression(String("name")), Expression(Object([Data { key: String("value"), value: String("C") }, Data { key: String("writable"), value: Bool(false) }, Data { key: String("enumerable"), value: Bool(false) }, Data { key: String("configurable"), value: Bool(true) }]))] }
expression_statement:drop expr=Call { callee: Member { object: Identifier("Object"), property: String("defineProperty") }, arguments: [Expression(Identifier("C")), Expression(String("name")), Expression(Object([Data { key: String("value"), value: String("C") }, Data { key: String("writable"), value: Bool(false) }, Data { key: String("enumerable"), value: Bool(false) }, Data { key: String("configurable"), value: Bool(true) }]))] }
function_compile=statement_done:Expression(Call { callee: Member { object: Identifier("Object"), property: String("defineProperty") }, arguments: [Expression(Identifier("C")), Expression(String("name")), Expression(Object([Data { key: String("value"), value: String("C") }, Data { key: String("writable"), value: Bool(false) }, Data { key: String("enumerable"), value: Bool(false) }, Data { key: String("configurable"), value: Bool(true) }]))] })
function_compile=statement:AssignMember { object: Identifier("C"), property: String("prototype"), value: Call { callee: Member { object: Identifier("Object"), property: String("create") }, arguments: [Expression(Member { object: Identifier("Object"), property: String("prototype") })] } }
emit_immediate_promise_member_call:start object=Identifier("Object") property=String("create") arguments=[Expression(Member { object: Identifier("Object"), property: String("prototype") })]
function_compile=statement_done:AssignMember { object: Identifier("C"), property: String("prototype"), value: Call { callee: Member { object: Identifier("Object"), property: String("create") }, arguments: [Expression(Member { object: Identifier("Object"), property: String("prototype") })] } }
function_compile=statement:Expression(Call { callee: Member { object: Identifier("Object"), property: String("defineProperty") }, arguments: [Expression(Member { object: Identifier("C"), property: String("prototype") }), Expression(String("constructor")), Expression(Object([Data { key: String("value"), value: Identifier("C") }, Data { key: String("writable"), value: Bool(true) }, Data { key: String("enumerable"), value: Bool(false) }, Data { key: String("configurable"), value: Bool(true) }]))] })
expression_statement:emit_numeric start expr=Call { callee: Member { object: Identifier("Object"), property: String("defineProperty") }, arguments: [Expression(Member { object: Identifier("C"), property: String("prototype") }), Expression(String("constructor")), Expression(Object([Data { key: String("value"), value: Identifier("C") }, Data { key: String("writable"), value: Bool(true) }, Data { key: String("enumerable"), value: Bool(false) }, Data { key: String("configurable"), value: Bool(true) }]))] }
emit_immediate_promise_member_call:start object=Identifier("Object") property=String("defineProperty") arguments=[Expression(Member { object: Identifier("C"), property: String("prototype") }), Expression(String("constructor")), Expression(Object([Data { key: String("value"), value: Identifier("C") }, Data { key: String("writable"), value: Bool(true) }, Data { key: String("enumerable"), value: Bool(false) }, Data { key: String("configurable"), value: Bool(true) }]))]
expression_statement:update_member_bindings start expr=Call { callee: Member { object: Identifier("Object"), property: String("defineProperty") }, arguments: [Expression(Member { object: Identifier("C"), property: String("prototype") }), Expression(String("constructor")), Expression(Object([Data { key: String("value"), value: Identifier("C") }, Data { key: String("writable"), value: Bool(true) }, Data { key: String("enumerable"), value: Bool(false) }, Data { key: String("configurable"), value: Bool(true) }]))] }
expression_statement:update_object_bindings start expr=Call { callee: Member { object: Identifier("Object"), property: String("defineProperty") }, arguments: [Expression(Member { object: Identifier("C"), property: String("prototype") }), Expression(String("constructor")), Expression(Object([Data { key: String("value"), value: Identifier("C") }, Data { key: String("writable"), value: Bool(true) }, Data { key: String("enumerable"), value: Bool(false) }, Data { key: String("configurable"), value: Bool(true) }]))] }
expression_statement:drop expr=Call { callee: Member { object: Identifier("Object"), property: String("defineProperty") }, arguments: [Expression(Member { object: Identifier("C"), property: String("prototype") }), Expression(String("constructor")), Expression(Object([Data { key: String("value"), value: Identifier("C") }, Data { key: String("writable"), value: Bool(true) }, Data { key: String("enumerable"), value: Bool(false) }, Data { key: String("configurable"), value: Bool(true) }]))] }
function_compile=statement_done:Expression(Call { callee: Member { object: Identifier("Object"), property: String("defineProperty") }, arguments: [Expression(Member { object: Identifier("C"), property: String("prototype") }), Expression(String("constructor")), Expression(Object([Data { key: String("value"), value: Identifier("C") }, Data { key: String("writable"), value: Bool(true) }, Data { key: String("enumerable"), value: Bool(false) }, Data { key: String("configurable"), value: Bool(true) }]))] })
function_compile=statement:Labeled { labels: ["__ayy_instance_field_initializers"], body: [Expression(Call { callee: Member { object: Identifier("Object"), property: String("defineProperty") }, arguments: [Expression(Identifier("C")), Expression(String("__ayy$private$C$f")), Expression(Object([Data { key: String("value"), value: Identifier("__ayy_class_method_1__name_#f") }, Data { key: String("writable"), value: Bool(true) }, Data { key: String("enumerable"), value: Bool(false) }, Data { key: String("configurable"), value: Bool(true) }]))] })] }
function_compile=statement:Expression(Call { callee: Member { object: Identifier("Object"), property: String("defineProperty") }, arguments: [Expression(Identifier("C")), Expression(String("__ayy$private$C$f")), Expression(Object([Data { key: String("value"), value: Identifier("__ayy_class_method_1__name_#f") }, Data { key: String("writable"), value: Bool(true) }, Data { key: String("enumerable"), value: Bool(false) }, Data { key: String("configurable"), value: Bool(true) }]))] })
expression_statement:emit_numeric start expr=Call { callee: Member { object: Identifier("Object"), property: String("defineProperty") }, arguments: [Expression(Identifier("C")), Expression(String("__ayy$private$C$f")), Expression(Object([Data { key: String("value"), value: Identifier("__ayy_class_method_1__name_#f") }, Data { key: String("writable"), value: Bool(true) }, Data { key: String("enumerable"), value: Bool(false) }, Data { key: String("configurable"), value: Bool(true) }]))] }
emit_immediate_promise_member_call:start object=Identifier("Object") property=String("defineProperty") arguments=[Expression(Identifier("C")), Expression(String("__ayy$private$C$f")), Expression(Object([Data { key: String("value"), value: Identifier("__ayy_class_method_1__name_#f") }, Data { key: String("writable"), value: Bool(true) }, Data { key: String("enumerable"), value: Bool(false) }, Data { key: String("configurable"), value: Bool(true) }]))]
expression_statement:update_member_bindings start expr=Call { callee: Member { object: Identifier("Object"), property: String("defineProperty") }, arguments: [Expression(Identifier("C")), Expression(String("__ayy$private$C$f")), Expression(Object([Data { key: String("value"), value: Identifier("__ayy_class_method_1__name_#f") }, Data { key: String("writable"), value: Bool(true) }, Data { key: String("enumerable"), value: Bool(false) }, Data { key: String("configurable"), value: Bool(true) }]))] }
expression_statement:update_object_bindings start expr=Call { callee: Member { object: Identifier("Object"), property: String("defineProperty") }, arguments: [Expression(Identifier("C")), Expression(String("__ayy$private$C$f")), Expression(Object([Data { key: String("value"), value: Identifier("__ayy_class_method_1__name_#f") }, Data { key: String("writable"), value: Bool(true) }, Data { key: String("enumerable"), value: Bool(false) }, Data { key: String("configurable"), value: Bool(true) }]))] }
expression_statement:drop expr=Call { callee: Member { object: Identifier("Object"), property: String("defineProperty") }, arguments: [Expression(Identifier("C")), Expression(String("__ayy$private$C$f")), Expression(Object([Data { key: String("value"), value: Identifier("__ayy_class_method_1__name_#f") }, Data { key: String("writable"), value: Bool(true) }, Data { key: String("enumerable"), value: Bool(false) }, Data { key: String("configurable"), value: Bool(true) }]))] }
function_compile=statement_done:Expression(Call { callee: Member { object: Identifier("Object"), property: String("defineProperty") }, arguments: [Expression(Identifier("C")), Expression(String("__ayy$private$C$f")), Expression(Object([Data { key: String("value"), value: Identifier("__ayy_class_method_1__name_#f") }, Data { key: String("writable"), value: Bool(true) }, Data { key: String("enumerable"), value: Bool(false) }, Data { key: String("configurable"), value: Bool(true) }]))] })
function_compile=statement_done:Labeled { labels: ["__ayy_instance_field_initializers"], body: [Expression(Call { callee: Member { object: Identifier("Object"), property: String("defineProperty") }, arguments: [Expression(Identifier("C")), Expression(String("__ayy$private$C$f")), Expression(Object([Data { key: String("value"), value: Identifier("__ayy_class_method_1__name_#f") }, Data { key: String("writable"), value: Bool(true) }, Data { key: String("enumerable"), value: Bool(false) }, Data { key: String("configurable"), value: Bool(true) }]))] })] }
function_compile=statement:Expression(Call { callee: Member { object: Identifier("Object"), property: String("defineProperty") }, arguments: [Expression(Member { object: Identifier("C"), property: String("prototype") }), Expression(String("g")), Expression(Object([Data { key: String("value"), value: Identifier("__ayy_class_method_2") }, Data { key: String("writable"), value: Bool(true) }, Data { key: String("enumerable"), value: Bool(false) }, Data { key: String("configurable"), value: Bool(true) }]))] })
expression_statement:emit_numeric start expr=Call { callee: Member { object: Identifier("Object"), property: String("defineProperty") }, arguments: [Expression(Member { object: Identifier("C"), property: String("prototype") }), Expression(String("g")), Expression(Object([Data { key: String("value"), value: Identifier("__ayy_class_method_2") }, Data { key: String("writable"), value: Bool(true) }, Data { key: String("enumerable"), value: Bool(false) }, Data { key: String("configurable"), value: Bool(true) }]))] }
emit_immediate_promise_member_call:start object=Identifier("Object") property=String("defineProperty") arguments=[Expression(Member { object: Identifier("C"), property: String("prototype") }), Expression(String("g")), Expression(Object([Data { key: String("value"), value: Identifier("__ayy_class_method_2") }, Data { key: String("writable"), value: Bool(true) }, Data { key: String("enumerable"), value: Bool(false) }, Data { key: String("configurable"), value: Bool(true) }]))]
expression_statement:update_member_bindings start expr=Call { callee: Member { object: Identifier("Object"), property: String("defineProperty") }, arguments: [Expression(Member { object: Identifier("C"), property: String("prototype") }), Expression(String("g")), Expression(Object([Data { key: String("value"), value: Identifier("__ayy_class_method_2") }, Data { key: String("writable"), value: Bool(true) }, Data { key: String("enumerable"), value: Bool(false) }, Data { key: String("configurable"), value: Bool(true) }]))] }
expression_statement:update_object_bindings start expr=Call { callee: Member { object: Identifier("Object"), property: String("defineProperty") }, arguments: [Expression(Member { object: Identifier("C"), property: String("prototype") }), Expression(String("g")), Expression(Object([Data { key: String("value"), value: Identifier("__ayy_class_method_2") }, Data { key: String("writable"), value: Bool(true) }, Data { key: String("enumerable"), value: Bool(false) }, Data { key: String("configurable"), value: Bool(true) }]))] }
expression_statement:drop expr=Call { callee: Member { object: Identifier("Object"), property: String("defineProperty") }, arguments: [Expression(Member { object: Identifier("C"), property: String("prototype") }), Expression(String("g")), Expression(Object([Data { key: String("value"), value: Identifier("__ayy_class_method_2") }, Data { key: String("writable"), value: Bool(true) }, Data { key: String("enumerable"), value: Bool(false) }, Data { key: String("configurable"), value: Bool(true) }]))] }
function_compile=statement_done:Expression(Call { callee: Member { object: Identifier("Object"), property: String("defineProperty") }, arguments: [Expression(Member { object: Identifier("C"), property: String("prototype") }), Expression(String("g")), Expression(Object([Data { key: String("value"), value: Identifier("__ayy_class_method_2") }, Data { key: String("writable"), value: Bool(true) }, Data { key: String("enumerable"), value: Bool(false) }, Data { key: String("configurable"), value: Bool(true) }]))] })
function_compile=statement_done:Declaration { body: [Let { name: "C", mutable: true, value: Identifier("__ayy_class_ctor___ayy_ctor_1__name_C") }, Expression(Call { callee: Member { object: Identifier("Object"), property: String("defineProperty") }, arguments: [Expression(Identifier("C")), Expression(String("name")), Expression(Object([Data { key: String("value"), value: String("C") }, Data { key: String("writable"), value: Bool(false) }, Data { key: String("enumerable"), value: Bool(false) }, Data { key: String("configurable"), value: Bool(true) }]))] }), AssignMember { object: Identifier("C"), property: String("prototype"), value: Call { callee: Member { object: Identifier("Object"), property: String("create") }, arguments: [Expression(Member { object: Identifier("Object"), property: String("prototype") })] } }, Expression(Call { callee: Member { object: Identifier("Object"), property: String("defineProperty") }, arguments: [Expression(Member { object: Identifier("C"), property: String("prototype") }), Expression(String("constructor")), Expression(Object([Data { key: String("value"), value: Identifier("C") }, Data { key: String("writable"), value: Bool(true) }, Data { key: String("enumerable"), value: Bool(false) }, Data { key: String("configurable"), value: Bool(true) }]))] }), Labeled { labels: ["__ayy_instance_field_initializers"], body: [Expression(Call { callee: Member { object: Identifier("Object"), property: String("defineProperty") }, arguments: [Expression(Identifier("C")), Expression(String("__ayy$private$C$f")), Expression(Object([Data { key: String("value"), value: Identifier("__ayy_class_method_1__name_#f") }, Data { key: String("writable"), value: Bool(true) }, Data { key: String("enumerable"), value: Bool(false) }, Data { key: String("configurable"), value: Bool(true) }]))] })] }, Expression(Call { callee: Member { object: Identifier("Object"), property: String("defineProperty") }, arguments: [Expression(Member { object: Identifier("C"), property: String("prototype") }), Expression(String("g")), Expression(Object([Data { key: String("value"), value: Identifier("__ayy_class_method_2") }, Data { key: String("writable"), value: Bool(true) }, Data { key: String("enumerable"), value: Bool(false) }, Data { key: String("configurable"), value: Bool(true) }]))] })] }
function_compile=statement:Print { values: [String("first"), Call { callee: Member { object: Member { object: New { callee: Identifier("C"), arguments: [] }, property: String("g") }, property: String("call") }, arguments: [Expression(Identifier("C"))] }] }
emit_immediate_promise_member_call:start object=Member { object: New { callee: Identifier("C"), arguments: [] }, property: String("g") } property=String("call") arguments=[Expression(Identifier("C"))]
function_compile=statement_done:Print { values: [String("first"), Call { callee: Member { object: Member { object: New { callee: Identifier("C"), arguments: [] }, property: String("g") }, property: String("call") }, arguments: [Expression(Identifier("C"))] }] }
function_compile=statement:Let { name: "__ayy_assert_throws_callback_1", mutable: true, value: Identifier("__ayy_fnexpr_3__name___ayy_assert_throws_callback_1") }
function_compile=statement_done:Let { name: "__ayy_assert_throws_callback_1", mutable: true, value: Identifier("__ayy_fnexpr_3__name___ayy_assert_throws_callback_1") }
function_compile=statement:Let { name: "__ayy_assert_throws_caught_1", mutable: true, value: Bool(false) }
function_compile=statement_done:Let { name: "__ayy_assert_throws_caught_1", mutable: true, value: Bool(false) }
function_compile=statement:Try { body: [Expression(Call { callee: Identifier("__ayy_assert_throws_callback_1"), arguments: [] })], catch_binding: None, catch_setup: [], catch_body: [Print { values: [String("in catch")] }, Assign { name: "__ayy_assert_throws_caught_1", value: Bool(true) }] }
function_compile=statement:Expression(Call { callee: Identifier("__ayy_assert_throws_callback_1"), arguments: [] })
expression_statement:emit_numeric start expr=Call { callee: Identifier("__ayy_assert_throws_callback_1"), arguments: [] }
expression_statement:update_member_bindings start expr=Call { callee: Identifier("__ayy_assert_throws_callback_1"), arguments: [] }
expression_statement:update_object_bindings start expr=Call { callee: Identifier("__ayy_assert_throws_callback_1"), arguments: [] }
expression_statement:drop expr=Call { callee: Identifier("__ayy_assert_throws_callback_1"), arguments: [] }
function_compile=statement_done:Expression(Call { callee: Identifier("__ayy_assert_throws_callback_1"), arguments: [] })
function_compile=statement:Print { values: [String("in catch")] }
function_compile=statement_done:Print { values: [String("in catch")] }
function_compile=statement:Assign { name: "__ayy_assert_throws_caught_1", value: Bool(true) }
function_compile=statement_done:Assign { name: "__ayy_assert_throws_caught_1", value: Bool(true) }
function_compile=statement_done:Try { body: [Expression(Call { callee: Identifier("__ayy_assert_throws_callback_1"), arguments: [] })], catch_binding: None, catch_setup: [], catch_body: [Print { values: [String("in catch")] }, Assign { name: "__ayy_assert_throws_caught_1", value: Bool(true) }] }
function_compile=statement:Print { values: [String("caught"), Identifier("__ayy_assert_throws_caught_1")] }
function_compile=statement_done:Print { values: [String("caught"), Identifier("__ayy_assert_throws_caught_1")] }
function_compile=statement:If { condition: Binary { op: Equal, left: Identifier("__ayy_assert_throws_caught_1"), right: Bool(false) }, then_branch: [Block { body: [Throw(Identifier("undefined"))] }], else_branch: [] }
function_compile=statement:Block { body: [Throw(Identifier("undefined"))] }
function_compile=statement:Throw(Identifier("undefined"))
function_compile=statement_done:Throw(Identifier("undefined"))
function_compile=statement_done:Block { body: [Throw(Identifier("undefined"))] }
function_compile=statement_done:If { condition: Binary { op: Equal, left: Identifier("__ayy_assert_throws_caught_1"), right: Bool(false) }, then_branch: [Block { body: [Throw(Identifier("undefined"))] }], else_branch: [] }
function_compile=finalize
