private_brand_check_setup current_fn=Some("__ayy_class_method_3") object=Identifier("C") property=String("__ayy$private$C$$") marker_property=String("__ayy$private_brand$__ayy$private$C$$") static_marker=None
private_brand_check_runtime_marker current_fn=Some("__ayy_class_method_3") property=String("__ayy$private$C$$") instruction=85 marker_local=7
private_brand_check_setup current_fn=Some("__ayy_class_method_3") object=Identifier("C") property=String("__ayy$private$C$$") marker_property=String("__ayy$private_brand$__ayy$private$C$$") static_marker=None
private_brand_check_runtime_marker current_fn=Some("__ayy_class_method_3") property=String("__ayy$private$C$$") instruction=672 marker_local=14
private_brand_check_setup current_fn=Some("__ayy_class_method_4") object=Identifier("C") property=String("__ayy$private$C$_") marker_property=String("__ayy$private_brand$__ayy$private$C$_") static_marker=None
private_brand_check_runtime_marker current_fn=Some("__ayy_class_method_4") property=String("__ayy$private$C$_") instruction=85 marker_local=7
private_brand_check_setup current_fn=Some("__ayy_class_method_4") object=Identifier("C") property=String("__ayy$private$C$_") marker_property=String("__ayy$private_brand$__ayy$private$C$_") static_marker=None
private_brand_check_runtime_marker current_fn=Some("__ayy_class_method_4") property=String("__ayy$private$C$_") instruction=672 marker_local=14
private_brand_check_setup current_fn=Some("__ayy_class_method_5") object=Identifier("C") property=String("__ayy$private$C$o") marker_property=String("__ayy$private_brand$__ayy$private$C$o") static_marker=None
private_brand_check_runtime_marker current_fn=Some("__ayy_class_method_5") property=String("__ayy$private$C$o") instruction=85 marker_local=7
private_brand_check_setup current_fn=Some("__ayy_class_method_5") object=Identifier("C") property=String("__ayy$private$C$o") marker_property=String("__ayy$private_brand$__ayy$private$C$o") static_marker=None
private_brand_check_runtime_marker current_fn=Some("__ayy_class_method_5") property=String("__ayy$private$C$o") instruction=672 marker_local=14
private_brand_check_setup current_fn=Some("__ayy_class_method_6") object=Identifier("C") property=String("__ayy$private$C$℘") marker_property=String("__ayy$private_brand$__ayy$private$C$℘") static_marker=None
private_brand_check_runtime_marker current_fn=Some("__ayy_class_method_6") property=String("__ayy$private$C$℘") instruction=85 marker_local=7
private_brand_check_setup current_fn=Some("__ayy_class_method_6") object=Identifier("C") property=String("__ayy$private$C$℘") marker_property=String("__ayy$private_brand$__ayy$private$C$℘") static_marker=None
private_brand_check_runtime_marker current_fn=Some("__ayy_class_method_6") property=String("__ayy$private$C$℘") instruction=672 marker_local=14
private_brand_check_setup current_fn=Some("__ayy_class_method_7") object=Identifier("C") property=String("__ayy$private$C$ZW_\u{200c}_NJ") marker_property=String("__ayy$private_brand$__ayy$private$C$ZW_\u{200c}_NJ") static_marker=None
private_brand_check_runtime_marker current_fn=Some("__ayy_class_method_7") property=String("__ayy$private$C$ZW_\u{200c}_NJ") instruction=85 marker_local=7
private_brand_check_setup current_fn=Some("__ayy_class_method_7") object=Identifier("C") property=String("__ayy$private$C$ZW_\u{200c}_NJ") marker_property=String("__ayy$private_brand$__ayy$private$C$ZW_\u{200c}_NJ") static_marker=None
private_brand_check_runtime_marker current_fn=Some("__ayy_class_method_7") property=String("__ayy$private$C$ZW_\u{200c}_NJ") instruction=672 marker_local=14
private_brand_check_setup current_fn=Some("__ayy_class_method_8") object=Identifier("C") property=String("__ayy$private$C$ZW_\u{200d}_J") marker_property=String("__ayy$private_brand$__ayy$private$C$ZW_\u{200d}_J") static_marker=None
private_brand_check_runtime_marker current_fn=Some("__ayy_class_method_8") property=String("__ayy$private$C$ZW_\u{200d}_J") instruction=85 marker_local=7
private_brand_check_setup current_fn=Some("__ayy_class_method_8") object=Identifier("C") property=String("__ayy$private$C$ZW_\u{200d}_J") marker_property=String("__ayy$private_brand$__ayy$private$C$ZW_\u{200d}_J") static_marker=None
private_brand_check_runtime_marker current_fn=Some("__ayy_class_method_8") property=String("__ayy$private$C$ZW_\u{200d}_J") instruction=672 marker_local=14
