phase=parse
phase=lower_static_function_constructors
phase=validate
phase=backend_emit
program_compile=prepare
program_compile=emit
program_compile=start
function_compile=register_statements
function_compile=initialize_arguments_object
function_compile=initialize_parameter_defaults
function_compile=emit_direct_scope
function_compile=statement:Assign { name: "Test262Error", value: Identifier("Test262Error") }
binding_statement:assign:start name=Test262Error
binding_statement:assign:after_emit name=Test262Error
binding_statement:assign:before_store name=Test262Error
binding_statement:assign:after_store name=Test262Error
binding_statement:assign:before_member name=Test262Error
binding_statement:assign:after_member name=Test262Error
binding_statement:assign:done name=Test262Error
function_compile=statement_done:Assign { name: "Test262Error", value: Identifier("Test262Error") }
function_compile=statement:Assign { name: "__formatIdentityFreeValue", value: Identifier("__formatIdentityFreeValue") }
binding_statement:assign:start name=__formatIdentityFreeValue
binding_statement:assign:after_emit name=__formatIdentityFreeValue
binding_statement:assign:before_store name=__formatIdentityFreeValue
binding_statement:assign:after_store name=__formatIdentityFreeValue
binding_statement:assign:before_member name=__formatIdentityFreeValue
binding_statement:assign:after_member name=__formatIdentityFreeValue
binding_statement:assign:done name=__formatIdentityFreeValue
function_compile=statement_done:Assign { name: "__formatIdentityFreeValue", value: Identifier("__formatIdentityFreeValue") }
function_compile=statement:Assign { name: "__sameValue", value: Identifier("__sameValue") }
binding_statement:assign:start name=__sameValue
binding_statement:assign:after_emit name=__sameValue
binding_statement:assign:before_store name=__sameValue
binding_statement:assign:after_store name=__sameValue
binding_statement:assign:before_member name=__sameValue
binding_statement:assign:after_member name=__sameValue
binding_statement:assign:done name=__sameValue
function_compile=statement_done:Assign { name: "__sameValue", value: Identifier("__sameValue") }
function_compile=statement:Assign { name: "__assertToString", value: Identifier("__assertToString") }
binding_statement:assign:start name=__assertToString
binding_statement:assign:after_emit name=__assertToString
binding_statement:assign:before_store name=__assertToString
binding_statement:assign:after_store name=__assertToString
binding_statement:assign:before_member name=__assertToString
binding_statement:assign:after_member name=__assertToString
binding_statement:assign:done name=__assertToString
function_compile=statement_done:Assign { name: "__assertToString", value: Identifier("__assertToString") }
function_compile=statement:Assign { name: "assert", value: Identifier("assert") }
binding_statement:assign:start name=assert
binding_statement:assign:after_emit name=assert
binding_statement:assign:before_store name=assert
binding_statement:assign:after_store name=assert
binding_statement:assign:before_member name=assert
binding_statement:assign:after_member name=assert
binding_statement:assign:done name=assert
function_compile=statement_done:Assign { name: "assert", value: Identifier("assert") }
function_compile=statement:Assign { name: "__assert", value: Identifier("__assert") }
binding_statement:assign:start name=__assert
binding_statement:assign:after_emit name=__assert
binding_statement:assign:before_store name=__assert
binding_statement:assign:after_store name=__assert
binding_statement:assign:before_member name=__assert
binding_statement:assign:after_member name=__assert
binding_statement:assign:done name=__assert
function_compile=statement_done:Assign { name: "__assert", value: Identifier("__assert") }
function_compile=statement:Assign { name: "__assertSameValue", value: Identifier("__assertSameValue") }
binding_statement:assign:start name=__assertSameValue
binding_statement:assign:after_emit name=__assertSameValue
binding_statement:assign:before_store name=__assertSameValue
binding_statement:assign:after_store name=__assertSameValue
binding_statement:assign:before_member name=__assertSameValue
binding_statement:assign:after_member name=__assertSameValue
binding_statement:assign:done name=__assertSameValue
function_compile=statement_done:Assign { name: "__assertSameValue", value: Identifier("__assertSameValue") }
function_compile=statement:Assign { name: "__assertNotSameValue", value: Identifier("__assertNotSameValue") }
binding_statement:assign:start name=__assertNotSameValue
binding_statement:assign:after_emit name=__assertNotSameValue
binding_statement:assign:before_store name=__assertNotSameValue
binding_statement:assign:after_store name=__assertNotSameValue
binding_statement:assign:before_member name=__assertNotSameValue
binding_statement:assign:after_member name=__assertNotSameValue
binding_statement:assign:done name=__assertNotSameValue
function_compile=statement_done:Assign { name: "__assertNotSameValue", value: Identifier("__assertNotSameValue") }
function_compile=statement:Assign { name: "__ayyAssertThrows", value: Identifier("__ayyAssertThrows") }
binding_statement:assign:start name=__ayyAssertThrows
binding_statement:assign:after_emit name=__ayyAssertThrows
binding_statement:assign:before_store name=__ayyAssertThrows
binding_statement:assign:after_store name=__ayyAssertThrows
binding_statement:assign:before_member name=__ayyAssertThrows
binding_statement:assign:after_member name=__ayyAssertThrows
binding_statement:assign:done name=__ayyAssertThrows
function_compile=statement_done:Assign { name: "__ayyAssertThrows", value: Identifier("__ayyAssertThrows") }
function_compile=statement:Assign { name: "compareArray", value: Identifier("compareArray") }
binding_statement:assign:start name=compareArray
binding_statement:assign:after_emit name=compareArray
binding_statement:assign:before_store name=compareArray
binding_statement:assign:after_store name=compareArray
binding_statement:assign:before_member name=compareArray
binding_statement:assign:after_member name=compareArray
binding_statement:assign:done name=compareArray
function_compile=statement_done:Assign { name: "compareArray", value: Identifier("compareArray") }
function_compile=statement:Assign { name: "__ayyAssertCompareArray", value: Identifier("__ayyAssertCompareArray") }
binding_statement:assign:start name=__ayyAssertCompareArray
binding_statement:assign:after_emit name=__ayyAssertCompareArray
binding_statement:assign:before_store name=__ayyAssertCompareArray
binding_statement:assign:after_store name=__ayyAssertCompareArray
binding_statement:assign:before_member name=__ayyAssertCompareArray
binding_statement:assign:after_member name=__ayyAssertCompareArray
binding_statement:assign:done name=__ayyAssertCompareArray
function_compile=statement_done:Assign { name: "__ayyAssertCompareArray", value: Identifier("__ayyAssertCompareArray") }
function_compile=statement:Assign { name: "counter", value: Identifier("counter") }
binding_statement:assign:start name=counter
binding_statement:assign:after_emit name=counter
binding_statement:assign:before_store name=counter
binding_statement:assign:after_store name=counter
binding_statement:assign:before_member name=counter
binding_statement:assign:after_member name=counter
binding_statement:assign:done name=counter
function_compile=statement_done:Assign { name: "counter", value: Identifier("counter") }
function_compile=statement:AssignMember { object: Identifier("globalThis"), property: String("assert"), value: Identifier("assert") }
function_compile=statement_done:AssignMember { object: Identifier("globalThis"), property: String("assert"), value: Identifier("assert") }
function_compile=statement:AssignMember { object: Identifier("assert"), property: String("_isSameValue"), value: Identifier("__sameValue") }
function_compile=statement_done:AssignMember { object: Identifier("assert"), property: String("_isSameValue"), value: Identifier("__sameValue") }
function_compile=statement:AssignMember { object: Identifier("assert"), property: String("_toString"), value: Identifier("__assertToString") }
function_compile=statement_done:AssignMember { object: Identifier("assert"), property: String("_toString"), value: Identifier("__assertToString") }
function_compile=statement:AssignMember { object: Identifier("assert"), property: String("sameValue"), value: Identifier("__assertSameValue") }
function_compile=statement_done:AssignMember { object: Identifier("assert"), property: String("sameValue"), value: Identifier("__assertSameValue") }
function_compile=statement:AssignMember { object: Identifier("assert"), property: String("notSameValue"), value: Identifier("__assertNotSameValue") }
function_compile=statement_done:AssignMember { object: Identifier("assert"), property: String("notSameValue"), value: Identifier("__assertNotSameValue") }
function_compile=statement:AssignMember { object: Identifier("assert"), property: String("throws"), value: Identifier("__ayyAssertThrows") }
function_compile=statement_done:AssignMember { object: Identifier("assert"), property: String("throws"), value: Identifier("__ayyAssertThrows") }
function_compile=statement:AssignMember { object: Identifier("compareArray"), property: String("format"), value: Identifier("__ayy_fnexpr_1__name_") }
function_compile=statement_done:AssignMember { object: Identifier("compareArray"), property: String("format"), value: Identifier("__ayy_fnexpr_1__name_") }
function_compile=statement:AssignMember { object: Identifier("assert"), property: String("compareArray"), value: Identifier("__ayyAssertCompareArray") }
function_compile=statement_done:AssignMember { object: Identifier("assert"), property: String("compareArray"), value: Identifier("__ayyAssertCompareArray") }
function_compile=statement:Var { name: "initCount", value: Number(0.0) }
binding_statement:var:start name=initCount
binding_statement:var:after_emit name=initCount
binding_statement:var:before_store name=initCount
binding_statement:var:after_store name=initCount
binding_statement:var:after_member name=initCount
binding_statement:var:done name=initCount
function_compile=statement_done:Var { name: "initCount", value: Number(0.0) }
function_compile=statement:Var { name: "callCount", value: Number(0.0) }
binding_statement:var:start name=callCount
binding_statement:var:after_emit name=callCount
binding_statement:var:before_store name=callCount
binding_statement:var:after_store name=callCount
binding_statement:var:after_member name=callCount
binding_statement:var:done name=callCount
function_compile=statement_done:Var { name: "callCount", value: Number(0.0) }
function_compile=statement:Var { name: "obj", value: Object([Data { key: String("method"), value: Identifier("__ayy_method_2") }]) }
binding_statement:var:start name=obj
binding_statement:var:after_emit name=obj
binding_statement:var:before_store name=obj
binding_statement:var:after_store name=obj
binding_statement:var:after_member name=obj
binding_statement:var:done name=obj
function_compile=statement_done:Var { name: "obj", value: Object([Data { key: String("method"), value: Identifier("__ayy_method_2") }]) }
function_compile=statement:Expression(Call { callee: Member { object: Identifier("obj"), property: String("method") }, arguments: [Expression(Array([Expression(Null), Expression(Number(0.0)), Expression(Bool(false)), Expression(String(""))]))] })
function_compile=statement_done:Expression(Call { callee: Member { object: Identifier("obj"), property: String("method") }, arguments: [Expression(Array([Expression(Null), Expression(Number(0.0)), Expression(Bool(false)), Expression(String(""))]))] })
function_compile=statement:Expression(Call { callee: Identifier("__assertSameValue"), arguments: [Expression(Identifier("callCount")), Expression(Number(1.0)), Expression(String("method invoked exactly once"))] })
function_compile=statement_done:Expression(Call { callee: Identifier("__assertSameValue"), arguments: [Expression(Identifier("callCount")), Expression(Number(1.0)), Expression(String("method invoked exactly once"))] })
function_compile=finalize
program_compile=user_function:__ayy_method_2
function_compile=register_statements
function_compile=initialize_arguments_object
function_compile=initialize_parameter_defaults
function_compile=emit_direct_scope
function_compile=statement:Let { name: "__ayy_array_iter_value_15", mutable: true, value: Identifier("__ayy_param_14") }
binding_statement:let:start name=__ayy_array_iter_value_15 value=Identifier("__ayy_param_14")
binding_statement:let:after_emit name=__ayy_array_iter_value_15
binding_statement:let:before_initialize name=__ayy_array_iter_value_15
binding_statement:let:after_initialize name=__ayy_array_iter_value_15
binding_statement:let:before_member name=__ayy_array_iter_value_15
binding_statement:let:after_member name=__ayy_array_iter_value_15
binding_statement:let:done name=__ayy_array_iter_value_15
function_compile=statement_done:Let { name: "__ayy_array_iter_value_15", mutable: true, value: Identifier("__ayy_param_14") }
function_compile=statement:If { condition: Binary { op: LogicalOr, left: Binary { op: Equal, left: Identifier("__ayy_array_iter_value_15"), right: Null }, right: Binary { op: Equal, left: Identifier("__ayy_array_iter_value_15"), right: Undefined } }, then_branch: [Throw(New { callee: Identifier("TypeError"), arguments: [] })], else_branch: [] }
function_compile=statement:Throw(New { callee: Identifier("TypeError"), arguments: [] })
function_compile=statement_done:Throw(New { callee: Identifier("TypeError"), arguments: [] })
function_compile=statement_done:If { condition: Binary { op: LogicalOr, left: Binary { op: Equal, left: Identifier("__ayy_array_iter_value_15"), right: Null }, right: Binary { op: Equal, left: Identifier("__ayy_array_iter_value_15"), right: Undefined } }, then_branch: [Throw(New { callee: Identifier("TypeError"), arguments: [] })], else_branch: [] }
function_compile=statement:Let { name: "__ayy_array_iter_16", mutable: true, value: GetIterator(Identifier("__ayy_array_iter_value_15")) }
binding_statement:let:start name=__ayy_array_iter_16 value=GetIterator(Identifier("__ayy_array_iter_value_15"))
binding_statement:let:after_emit name=__ayy_array_iter_16
binding_statement:let:before_initialize name=__ayy_array_iter_16
binding_statement:let:after_initialize name=__ayy_array_iter_16
binding_statement:let:before_member name=__ayy_array_iter_16
binding_statement:let:after_member name=__ayy_array_iter_16
binding_statement:let:done name=__ayy_array_iter_16
function_compile=statement_done:Let { name: "__ayy_array_iter_16", mutable: true, value: GetIterator(Identifier("__ayy_array_iter_value_15")) }
function_compile=statement:Let { name: "__ayy_array_iter_done_17", mutable: true, value: Bool(false) }
binding_statement:let:start name=__ayy_array_iter_done_17 value=Bool(false)
binding_statement:let:after_emit name=__ayy_array_iter_done_17
binding_statement:let:before_initialize name=__ayy_array_iter_done_17
binding_statement:let:after_initialize name=__ayy_array_iter_done_17
binding_statement:let:before_member name=__ayy_array_iter_done_17
binding_statement:let:after_member name=__ayy_array_iter_done_17
binding_statement:let:done name=__ayy_array_iter_done_17
function_compile=statement_done:Let { name: "__ayy_array_iter_done_17", mutable: true, value: Bool(false) }
function_compile=statement:Let { name: "__ayy_array_step_18", mutable: true, value: Call { callee: Member { object: Identifier("__ayy_array_iter_16"), property: String("next") }, arguments: [] } }
binding_statement:let:start name=__ayy_array_step_18 value=Call { callee: Member { object: Identifier("__ayy_array_iter_16"), property: String("next") }, arguments: [] }
binding_statement:let:after_emit name=__ayy_array_step_18
binding_statement:let:before_initialize name=__ayy_array_step_18
binding_statement:let:after_initialize name=__ayy_array_step_18
binding_statement:let:before_member name=__ayy_array_step_18
binding_statement:let:after_member name=__ayy_array_step_18
binding_statement:let:done name=__ayy_array_step_18
function_compile=statement_done:Let { name: "__ayy_array_step_18", mutable: true, value: Call { callee: Member { object: Identifier("__ayy_array_iter_16"), property: String("next") }, arguments: [] } }
function_compile=statement:Assign { name: "__ayy_array_iter_done_17", value: Member { object: Identifier("__ayy_array_step_18"), property: String("done") } }
binding_statement:assign:start name=__ayy_array_iter_done_17
binding_statement:assign:after_emit name=__ayy_array_iter_done_17
binding_statement:assign:before_store name=__ayy_array_iter_done_17
binding_statement:assign:after_store name=__ayy_array_iter_done_17
binding_statement:assign:before_member name=__ayy_array_iter_done_17
binding_statement:assign:after_member name=__ayy_array_iter_done_17
binding_statement:assign:done name=__ayy_array_iter_done_17
function_compile=statement_done:Assign { name: "__ayy_array_iter_done_17", value: Member { object: Identifier("__ayy_array_step_18"), property: String("done") } }
function_compile=statement:Let { name: "__ayy_binding_value_19", mutable: true, value: Conditional { condition: Binary { op: Equal, left: Member { object: Identifier("__ayy_array_step_18"), property: String("done") }, right: Bool(false) }, then_expression: Member { object: Identifier("__ayy_array_step_18"), property: String("value") }, else_expression: Undefined } }
binding_statement:let:start name=__ayy_binding_value_19 value=Conditional { condition: Binary { op: Equal, left: Member { object: Identifier("__ayy_array_step_18"), property: String("done") }, right: Bool(false) }, then_expression: Member { object: Identifier("__ayy_array_step_18"), property: String("value") }, else_expression: Undefined }
binding_statement:let:after_emit name=__ayy_binding_value_19
binding_statement:let:before_initialize name=__ayy_binding_value_19
binding_statement:let:after_initialize name=__ayy_binding_value_19
binding_statement:let:before_member name=__ayy_binding_value_19
binding_statement:let:after_member name=__ayy_binding_value_19
binding_statement:let:done name=__ayy_binding_value_19
function_compile=statement_done:Let { name: "__ayy_binding_value_19", mutable: true, value: Conditional { condition: Binary { op: Equal, left: Member { object: Identifier("__ayy_array_step_18"), property: String("done") }, right: Bool(false) }, then_expression: Member { object: Identifier("__ayy_array_step_18"), property: String("value") }, else_expression: Undefined } }
function_compile=statement:Let { name: "w", mutable: true, value: Undefined }
binding_statement:let:start name=w value=Undefined
binding_statement:let:after_emit name=w
binding_statement:let:before_initialize name=w
binding_statement:let:after_initialize name=w
binding_statement:let:before_member name=w
binding_statement:let:after_member name=w
binding_statement:let:done name=w
function_compile=statement_done:Let { name: "w", mutable: true, value: Undefined }
function_compile=statement:If { condition: Binary { op: NotEqual, left: Identifier("__ayy_binding_value_19"), right: Undefined }, then_branch: [Assign { name: "w", value: Identifier("__ayy_binding_value_19") }], else_branch: [Assign { name: "w", value: Call { callee: Identifier("counter"), arguments: [] } }] }
function_compile=statement:Assign { name: "w", value: Identifier("__ayy_binding_value_19") }
binding_statement:assign:start name=w
binding_statement:assign:after_emit name=w
binding_statement:assign:before_store name=w
binding_statement:assign:after_store name=w
binding_statement:assign:before_member name=w
binding_statement:assign:after_member name=w
binding_statement:assign:done name=w
function_compile=statement_done:Assign { name: "w", value: Identifier("__ayy_binding_value_19") }
function_compile=statement_done:If { condition: Binary { op: NotEqual, left: Identifier("__ayy_binding_value_19"), right: Undefined }, then_branch: [Assign { name: "w", value: Identifier("__ayy_binding_value_19") }], else_branch: [Assign { name: "w", value: Call { callee: Identifier("counter"), arguments: [] } }] }
function_compile=statement:Let { name: "__ayy_array_step_20", mutable: true, value: Call { callee: Member { object: Identifier("__ayy_array_iter_16"), property: String("next") }, arguments: [] } }
binding_statement:let:start name=__ayy_array_step_20 value=Call { callee: Member { object: Identifier("__ayy_array_iter_16"), property: String("next") }, arguments: [] }
binding_statement:let:after_emit name=__ayy_array_step_20
binding_statement:let:before_initialize name=__ayy_array_step_20
